-----2017/09/15-----
本次更新如下：
1. 新增TimeOut和OutputFormat 两个字段，用户可以通过setParam("TimeOut/OutputFormat","")方法来对该字段设置。适用于所有功能
	TimeOut为socket超时时间，单位为秒，默认为无限等待。
	OutputFormat为输出字符串的编码方式，由于识别功能涉及到中文，因此目前支持GBK和UTF-8两种
	提升ssl连接性能
2. 新增对XP 32位和linux 32位的支持

-----2017/10/18-----
1. 本次新增CustomId 字段，用于用户请求自定义模型，同时支持长语音和短语音，使用方法在config-realtime.txt或者config-asr.txt加入 Custom:xxx即可。
2. 本次更新不包括xp平台


-----2017/10/27-----
1. 更新NlsClient(bool sslInitial=true)构造函数，sslInitial表示sdk是否初始ssl多线程安全，默认为true

-----2017/10/30-----
1. 修复tts功能多线程情况下会偶现500的错误，本次更新不包括xp 

-----2017/11/23-----
1. 修复在某些极限条件下域名转ip存在段错误的风险 

-----2017/12/21-----
1. 修改timeout超时的单位为秒
2. 调整websocket握手协议
3. 弥补之前xp的未更新

-----2018/04/12-----
1. 调整日志等级，并新增输出到日志
2. 新增user_id、类热词、静音vad设置
3. 新增支持用户自定义参数
4. 调整nlsClient用法
5. 本次更新不包括xp 

-----2018/04/16-----
1. 调整config文件的格式为linux格式，以LF结尾，上个版本为windows 以 CRLF结尾
2. 日志新增支持设置输出为stdout
